Arguments: 
  C:\Program Files\nodejs\node.exe C:\Users\hussain\AppData\Roaming\npm\node_modules\yarn\bin\yarn.js add nodemon

PATH: 
  C:\Windows\system32;C:\Windows;C:\Windows\System32\Wbem;C:\Windows\System32\WindowsPowerShell\v1.0\;C:\Windows\System32\OpenSSH\;C:\Program Files\Git\cmd;C:\Program Files\nodejs\;C:\Program Files (x86)\dotnet\;C:\Users\hussain\AppData\Local\Microsoft\WindowsApps;;C:\Users\hussain\AppData\Local\Programs\Microsoft VS Code\bin;C:\Users\hussain\AppData\Roaming\npm

Yarn version: 
  1.22.19

Node version: 
  18.13.0

Platform: 
  win32 x64

Trace: 
  Error: Failed to replace env in config: ${NPM_TOKEN}
      at C:\Users\hussain\AppData\Roaming\npm\node_modules\yarn\lib\cli.js:94933:13
      at String.replace (<anonymous>)
      at envReplace (C:\Users\hussain\AppData\Roaming\npm\node_modules\yarn\lib\cli.js:94928:16)
      at Function.normalizeConfig (C:\Users\hussain\AppData\Roaming\npm\node_modules\yarn\lib\cli.js:31938:69)
      at NpmRegistry.<anonymous> (C:\Users\hussain\AppData\Roaming\npm\node_modules\yarn\lib\cli.js:31968:34)
      at Generator.next (<anonymous>)
      at step (C:\Users\hussain\AppData\Roaming\npm\node_modules\yarn\lib\cli.js:310:30)
      at C:\Users\hussain\AppData\Roaming\npm\node_modules\yarn\lib\cli.js:321:13

npm manifest: 
  {
    "name": "fortunes_api",
    "version": "1.0.0",
    "description": "",
    "main": "index.js",
    "scripts": {
      "test": "echo \"Error: no test specified\" && exit 1"
    },
    "author": "",
    "license": "ISC"
  }

yarn manifest: 
  No manifest

Lockfile: 
  No lockfile
